This is pdfTeXk, Version 3.141592-1.40.3 (Web2C 7.5.6) (format=pdflatex 2010.7.20)  15 NOV 2011 18:04
entering extended mode
 %&-line parsing enabled.
**asn6.tex
(./asn6.tex
LaTeX2e <2005/12/01>
Babel <v3.8h> and hyphenation patterns for english, usenglishmax, dumylang, noh
yphenation, loaded.
(/usr/share/texmf-texlive/tex/latex/base/article.cls
Document Class: article 2005/09/16 v1.4f Standard LaTeX document class
(/usr/share/texmf-texlive/tex/latex/base/size10.clo
File: size10.clo 2005/09/16 v1.4f Standard LaTeX file (size option)
)
\c@part=\count79
\c@section=\count80
\c@subsection=\count81
\c@subsubsection=\count82
\c@paragraph=\count83
\c@subparagraph=\count84
\c@figure=\count85
\c@table=\count86
\abovecaptionskip=\skip41
\belowcaptionskip=\skip42
\bibindent=\dimen102
)
(/usr/share/texmf-texlive/tex/latex/multirow/multirow.sty
\bigstrutjot=\dimen103
) (./asn6.aux)
\openout1 = `asn6.aux'.

LaTeX Font Info:    Checking defaults for OML/cmm/m/it on input line 6.
LaTeX Font Info:    ... okay on input line 6.
LaTeX Font Info:    Checking defaults for T1/cmr/m/n on input line 6.
LaTeX Font Info:    ... okay on input line 6.
LaTeX Font Info:    Checking defaults for OT1/cmr/m/n on input line 6.
LaTeX Font Info:    ... okay on input line 6.
LaTeX Font Info:    Checking defaults for OMS/cmsy/m/n on input line 6.
LaTeX Font Info:    ... okay on input line 6.
LaTeX Font Info:    Checking defaults for OMX/cmex/m/n on input line 6.
LaTeX Font Info:    ... okay on input line 6.
LaTeX Font Info:    Checking defaults for U/cmr/m/n on input line 6.
LaTeX Font Info:    ... okay on input line 6.
LaTeX Font Info:    External font `cmex10' loaded for size
(Font)              <12> on input line 7.
LaTeX Font Info:    External font `cmex10' loaded for size
(Font)              <8> on input line 7.
LaTeX Font Info:    External font `cmex10' loaded for size
(Font)              <6> on input line 7.

Overfull \hbox (9.66219pt too wide) in paragraph at lines 48--49
[]\OT1/cmr/m/n/10 P3 ter-mi-nates. ``Avail-able" be-comes: \OT1/cmtt/m/n/10 [A,
11],[B,5],(C,6),(D,8) 
 []


Overfull \hbox (9.66219pt too wide) in paragraph at lines 50--51
[]\OT1/cmr/m/n/10 P4 ter-mi-nates. ``Avail-able" be-comes: \OT1/cmtt/m/n/10 [A,
12],[B,6],(C,6),(D,8) 
 []


Overfull \hbox (9.66219pt too wide) in paragraph at lines 52--53
[]\OT1/cmr/m/n/10 P5 ter-mi-nates. ``Avail-able" be-comes: \OT1/cmtt/m/n/10 [A,
13],[B,6],(C,7),(D,9) 
 []

[1

{/var/lib/texmf/fonts/map/pdftex/updmap/pdftex.map}]
LaTeX Font Info:    External font `cmex10' loaded for size
(Font)              <7> on input line 95.
LaTeX Font Info:    External font `cmex10' loaded for size
(Font)              <5> on input line 95.
 [2] (./asn6.aux) ) 
Here is how much of TeX's memory you used:
 244 strings out of 95086
 2702 string characters out of 1183255
 48970 words of memory out of 1500000
 3485 multiletter control sequences out of 10000+50000
 7497 words of font info for 27 fonts, out of 1200000 for 2000
 28 hyphenation exceptions out of 8191
 23i,6n,17p,141b,254s stack positions out of 5000i,500n,6000p,200000b,5000s
</usr/share/texmf-texlive/fonts/type1/bluesky/cm/cmbx10.pfb>
</usr/share/texmf-texlive/fonts/type1/bluesky/cm/cmr10.pfb></usr/share/texmf-te
xlive/fonts/type1/bluesky/cm/cmr12.pfb></usr/share/texmf-texlive/fonts/type1/bl
uesky/cm/cmr17.pfb></usr/share/texmf-texlive/fonts/type1/bluesky/cm/cmti10.pfb>
</usr/share/texmf-texlive/fonts/type1/bluesky/cm/cmtt10.pfb>
Output written on asn6.pdf (2 pages, 49718 bytes).
PDF statistics:
 33 PDF objects out of 1000 (max. 8388607)
 0 named destinations out of 1000 (max. 131072)
 1 words of extra memory for PDF output out of 10000 (max. 10000000)

