This is pdfTeXk, Version 3.141592-1.40.3 (Web2C 7.5.6) (format=pdflatex 2010.7.20)  8 DEC 2011 15:02
entering extended mode
 %&-line parsing enabled.
**final.tex
(./final.tex
LaTeX2e <2005/12/01>
Babel <v3.8h> and hyphenation patterns for english, usenglishmax, dumylang, noh
yphenation, loaded.
(/usr/share/texmf-texlive/tex/latex/base/article.cls
Document Class: article 2005/09/16 v1.4f Standard LaTeX document class
(/usr/share/texmf-texlive/tex/latex/base/size10.clo
File: size10.clo 2005/09/16 v1.4f Standard LaTeX file (size option)
)
\c@part=\count79
\c@section=\count80
\c@subsection=\count81
\c@subsubsection=\count82
\c@paragraph=\count83
\c@subparagraph=\count84
\c@figure=\count85
\c@table=\count86
\abovecaptionskip=\skip41
\belowcaptionskip=\skip42
\bibindent=\dimen102
) (./final.aux)
\openout1 = `final.aux'.

LaTeX Font Info:    Checking defaults for OML/cmm/m/it on input line 5.
LaTeX Font Info:    ... okay on input line 5.
LaTeX Font Info:    Checking defaults for T1/cmr/m/n on input line 5.
LaTeX Font Info:    ... okay on input line 5.
LaTeX Font Info:    Checking defaults for OT1/cmr/m/n on input line 5.
LaTeX Font Info:    ... okay on input line 5.
LaTeX Font Info:    Checking defaults for OMS/cmsy/m/n on input line 5.
LaTeX Font Info:    ... okay on input line 5.
LaTeX Font Info:    Checking defaults for OMX/cmex/m/n on input line 5.
LaTeX Font Info:    ... okay on input line 5.
LaTeX Font Info:    Checking defaults for U/cmr/m/n on input line 5.
LaTeX Font Info:    ... okay on input line 5.
LaTeX Font Info:    External font `cmex10' loaded for size
(Font)              <12> on input line 6.
LaTeX Font Info:    External font `cmex10' loaded for size
(Font)              <8> on input line 6.
LaTeX Font Info:    External font `cmex10' loaded for size
(Font)              <6> on input line 6.

Overfull \hbox (7.22081pt too wide) in paragraph at lines 8--10
[]\OT1/cmr/bx/n/10 Note: \OT1/cmr/m/n/10 This is the work I did within the clas
s time. I will also be sos[]submitting
 []

[1

{/var/lib/texmf/fonts/map/pdftex/updmap/pdftex.map}]
Overfull \hbox (31.74696pt too wide) in paragraph at lines 64--64
 []                      \OT1/cmtt/m/n/10 in Tree p ((rtrav lpre lin),(rtrav rp
re rin))[] 
 []

LaTeX Font Info:    External font `cmex10' loaded for size
(Font)              <7> on input line 69.
LaTeX Font Info:    External font `cmex10' loaded for size
(Font)              <5> on input line 69.

Overfull \hbox (58.99692pt too wide) in paragraph at lines 126--126
 []          \OT1/cmtt/m/n/10 else return 1 + max(computeS(t->left), computeS(t
->right))[] 
 []


Overfull \hbox (121.99637pt too wide) in paragraph at lines 126--126
 []        \OT1/cmtt/m/n/10 /* Leaves return 0. This is similar logic to the bo
ok's height balancing[] 
 []

[2]
Overfull \hbox (14.69743pt too wide) in paragraph at lines 253--253
 []\OT1/cmtt/m/n/10 2. We find as we percolate up recursively that 15 is +2.[] 

 []

[3]
Overfull \hbox (25.19734pt too wide) in paragraph at lines 253--253
 []\OT1/cmtt/m/n/10 3. We continue to percolate and find that all is balanced.[
] 
 []

[4] [5] (./final.aux) ) 
Here is how much of TeX's memory you used:
 232 strings out of 95086
 2461 string characters out of 1183255
 50944 words of memory out of 1500000
 3478 multiletter control sequences out of 10000+50000
 7497 words of font info for 27 fonts, out of 1200000 for 2000
 28 hyphenation exceptions out of 8191
 23i,6n,17p,161b,423s stack positions out of 5000i,500n,6000p,200000b,5000s
</usr/share/texmf-texlive/fonts/type1/bluesky/cm/cmbx10.
pfb></usr/share/texmf-texlive/fonts/type1/bluesky/cm/cmmi10.pfb></usr/share/tex
mf-texlive/fonts/type1/bluesky/cm/cmr10.pfb></usr/share/texmf-texlive/fonts/typ
e1/bluesky/cm/cmr12.pfb></usr/share/texmf-texlive/fonts/type1/bluesky/cm/cmr17.
pfb></usr/share/texmf-texlive/fonts/type1/bluesky/cm/cmsy10.pfb></usr/share/tex
mf-texlive/fonts/type1/bluesky/cm/cmti10.pfb></usr/share/texmf-texlive/fonts/ty
pe1/bluesky/cm/cmtt10.pfb>
Output written on final.pdf (5 pages, 56609 bytes).
PDF statistics:
 50 PDF objects out of 1000 (max. 8388607)
 0 named destinations out of 1000 (max. 131072)
 1 words of extra memory for PDF output out of 10000 (max. 10000000)

