This is pdfTeX, Version 3.1415926-1.40.10 (TeX Live 2009/Debian) (format=pdflatex 2011.5.25)  26 MAY 2011 14:11
entering extended mode
 %&-line parsing enabled.
**\input tut.tex
(./tut.tex (/usr/share/texmf-texlive/tex/latex/base/article.cls
Document Class: article 2007/10/19 v1.4h Standard LaTeX document class
(/usr/share/texmf-texlive/tex/latex/base/size11.clo
File: size11.clo 2007/10/19 v1.4h Standard LaTeX file (size option)
)
\c@part=\count79
\c@section=\count80
\c@subsection=\count81
\c@subsubsection=\count82
\c@paragraph=\count83
\c@subparagraph=\count84
\c@figure=\count85
\c@table=\count86
\abovecaptionskip=\skip41
\belowcaptionskip=\skip42
\bibindent=\dimen102
) (./tut.aux)
\openout1 = `tut.aux'.

LaTeX Font Info:    Checking defaults for OML/cmm/m/it on input line 8.
LaTeX Font Info:    ... okay on input line 8.
LaTeX Font Info:    Checking defaults for T1/cmr/m/n on input line 8.
LaTeX Font Info:    ... okay on input line 8.
LaTeX Font Info:    Checking defaults for OT1/cmr/m/n on input line 8.
LaTeX Font Info:    ... okay on input line 8.
LaTeX Font Info:    Checking defaults for OMS/cmsy/m/n on input line 8.
LaTeX Font Info:    ... okay on input line 8.
LaTeX Font Info:    Checking defaults for OMX/cmex/m/n on input line 8.
LaTeX Font Info:    ... okay on input line 8.
LaTeX Font Info:    Checking defaults for U/cmr/m/n on input line 8.
LaTeX Font Info:    ... okay on input line 8.
LaTeX Font Info:    External font `cmex10' loaded for size
(Font)              <12> on input line 10.
LaTeX Font Info:    External font `cmex10' loaded for size
(Font)              <8> on input line 10.
LaTeX Font Info:    External font `cmex10' loaded for size
(Font)              <6> on input line 10.
 (./tut.toc
LaTeX Font Info:    External font `cmex10' loaded for size
(Font)              <10.95> on input line 3.
)
\tf@toc=\write3
\openout3 = `tut.toc'.


[1

{/var/lib/texmf/fonts/map/pdftex/updmap/pdftex.map}] [2]
Overfull \hbox (25.16208pt too wide) in paragraph at lines 107--107
[]\OT1/cmtt/m/n/10.95 First, we select the row [7,4], and collapse the top leve
l to make:[] 
 []


Overfull \hbox (30.91077pt too wide) in paragraph at lines 107--107
[]\OT1/cmtt/m/n/10.95 Now select the row [2,4,6] and collapse it with the top l
evel again.[] 
 []


Overfull \hbox (59.6542pt too wide) in paragraph at lines 107--107
[]\OT1/cmtt/m/n/10.95 In the case of the middle node, 4, choose its maximum adj
acent node (10).[] 
 []


Overfull \hbox (76.90027pt too wide) in paragraph at lines 107--107
[]\OT1/cmtt/m/n/10.95 Now, we simply need to fold the two-ary max function over
 this final list to[] 
 []

[3] [4]
LaTeX Font Info:    External font `cmex10' loaded for size
(Font)              <9> on input line 187.
LaTeX Font Info:    External font `cmex10' loaded for size
(Font)              <5> on input line 187.
 [5] [6] (./tut.aux) ) 
Here is how much of TeX's memory you used:
 250 strings out of 495061
 2649 string characters out of 1182621
 51093 words of memory out of 3000000
 3494 multiletter control sequences out of 15000+50000
 10552 words of font info for 37 fonts, out of 3000000 for 9000
 28 hyphenation exceptions out of 8191
 23i,8n,19p,152b,242s stack positions out of 5000i,500n,10000p,200000b,50000s
</usr/share/texmf-texlive/fonts/type1/public/amsfonts/cm/
cmbx10.pfb></usr/share/texmf-texlive/fonts/type1/public/amsfonts/cm/cmbx12.pfb>
</usr/share/texmf-texlive/fonts/type1/public/amsfonts/cm/cmr10.pfb></usr/share/
texmf-texlive/fonts/type1/public/amsfonts/cm/cmr12.pfb></usr/share/texmf-texliv
e/fonts/type1/public/amsfonts/cm/cmr17.pfb></usr/share/texmf-texlive/fonts/type
1/public/amsfonts/cm/cmr6.pfb></usr/share/texmf-texlive/fonts/type1/public/amsf
onts/cm/cmr8.pfb></usr/share/texmf-texlive/fonts/type1/public/amsfonts/cm/cmr9.
pfb></usr/share/texmf-texlive/fonts/type1/public/amsfonts/cm/cmsl10.pfb></usr/s
hare/texmf-texlive/fonts/type1/public/amsfonts/cm/cmtt10.pfb>
Output written on tut.pdf (6 pages, 147220 bytes).
PDF statistics:
 61 PDF objects out of 1000 (max. 8388607)
 0 named destinations out of 1000 (max. 500000)
 1 words of extra memory for PDF output out of 10000 (max. 10000000)

